# JRE version: OpenJDK Runtime Environment Temurin-21.0.8+9 (21.0.8+9) (build 21.0.8+9-LTS)
# Java VM: OpenJDK 64-Bit Server VM Temurin-21.0.8+9 (21.0.8+9-LTS, mixed mode, sharing, tiered, compressed oops, compressed class ptrs, parallel gc, windows-amd64)
GC Precious Log:
 CardTable entry size: 512
 CPUs: 4 total, 4 available
 Memory: 8072M
 Large Page Support: Disabled
 NUMA Support: Disabled
 Compressed Oops: Enabled (32-bit)
 Alignments: Space 512K, Generation 512K, Heap 2M
 Heap Min Capacity: 100M
 Heap Initial Capacity: 100M
 Heap Max Capacity: 2G
 Pre-touch: Disabled
 Parallel Workers: 4
Heap:
 PSYoungGen      total 5120K, used 4779K [0x00000000d5580000, 0x00000000d5d00000, 0x0000000100000000)
  eden space 2560K, 94% used [0x00000000d5580000,0x00000000d57da6c0,0x00000000d5800000)
  from space 2560K, 92% used [0x00000000d5a80000,0x00000000d5cd06e0,0x00000000d5d00000)
  to   space 2560K, 0% used [0x00000000d5800000,0x00000000d5800000,0x00000000d5a80000)
 ParOldGen       total 586240K, used 231071K [0x0000000080000000, 0x00000000a3c80000, 0x00000000d5580000)
  object space 586240K, 39% used [0x0000000080000000,0x000000008e1a7f28,0x00000000a3c80000)
 Metaspace       used 76411K, committed 78016K, reserved 1179648K
  class space    used 7866K, committed 8576K, reserved 1048576K
GC Heap History (20 events):
Event: 1587.793 GC heap before
{Heap before GC invocations=689 (full 3):
 PSYoungGen      total 3072K, used 2624K [0x00000000d5580000, 0x00000000d5a00000, 0x0000000100000000)
  eden space 2560K, 100% used [0x00000000d5580000,0x00000000d5800000,0x00000000d5800000)
  from space 512K, 12% used [0x00000000d5900000,0x00000000d5910000,0x00000000d5980000)
  to   space 512K, 0% used [0x00000000d5980000,0x00000000d5980000,0x00000000d5a00000)
 ParOldGen       total 581120K, used 581055K [0x0000000080000000, 0x00000000a3780000, 0x00000000d5580000)
  object space 581120K, 99% used [0x0000000080000000,0x00000000a376fe88,0x00000000a3780000)
 Metaspace       used 76387K, committed 77952K, reserved 1179648K
  class space    used 7869K, committed 8576K, reserved 1048576K
}
Event: 1587.796 GC heap after
{Heap after GC invocations=689 (full 3):
 PSYoungGen      total 3072K, used 486K [0x00000000d5580000, 0x00000000d5a00000, 0x0000000100000000)
  eden space 2560K, 0% used [0x00000000d5580000,0x00000000d5580000,0x00000000d5800000)
  from space 512K, 94% used [0x00000000d5980000,0x00000000d59f9920,0x00000000d5a00000)
  to   space 1024K, 0% used [0x00000000d5800000,0x00000000d5800000,0x00000000d5900000)
 ParOldGen       total 581120K, used 581071K [0x0000000080000000, 0x00000000a3780000, 0x00000000d5580000)
  object space 581120K, 99% used [0x0000000080000000,0x00000000a3773e88,0x00000000a3780000)
 Metaspace       used 76387K, committed 77952K, reserved 1179648K
  class space    used 7869K, committed 8576K, reserved 1048576K
}
Event: 1587.814 GC heap before
{Heap before GC invocations=690 (full 3):
 PSYoungGen      total 3072K, used 3046K [0x00000000d5580000, 0x00000000d5a00000, 0x0000000100000000)
  eden space 2560K, 100% used [0x00000000d5580000,0x00000000d5800000,0x00000000d5800000)
  from space 512K, 94% used [0x00000000d5980000,0x00000000d59f9920,0x00000000d5a00000)
  to   space 1024K, 0% used [0x00000000d5800000,0x00000000d5800000,0x00000000d5900000)
 ParOldGen       total 581120K, used 581071K [0x0000000080000000, 0x00000000a3780000, 0x00000000d5580000)
  object space 581120K, 99% used [0x0000000080000000,0x00000000a3773e88,0x00000000a3780000)
 Metaspace       used 76390K, committed 77952K, reserved 1179648K
  class space    used 7869K, committed 8576K, reserved 1048576K
}
Event: 1587.818 GC heap after
{Heap after GC invocations=690 (full 3):
 PSYoungGen      total 3584K, used 1012K [0x00000000d5580000, 0x00000000d5e00000, 0x0000000100000000)
  eden space 2560K, 0% used [0x00000000d5580000,0x00000000d5580000,0x00000000d5800000)
  from space 1024K, 98% used [0x00000000d5800000,0x00000000d58fd370,0x00000000d5900000)
  to   space 3072K, 0% used [0x00000000d5b00000,0x00000000d5b00000,0x00000000d5e00000)
 ParOldGen       total 582656K, used 582368K [0x0000000080000000, 0x00000000a3900000, 0x00000000d5580000)
  object space 582656K, 99% used [0x0000000080000000,0x00000000a38b82b8,0x00000000a3900000)
 Metaspace       used 76390K, committed 77952K, reserved 1179648K
  class space    used 7869K, committed 8576K, reserved 1048576K
}
Event: 1587.833 GC heap before
{Heap before GC invocations=691 (full 3):
 PSYoungGen      total 3584K, used 3572K [0x00000000d5580000, 0x00000000d5e00000, 0x0000000100000000)
  eden space 2560K, 100% used [0x00000000d5580000,0x00000000d5800000,0x00000000d5800000)
  from space 1024K, 98% used [0x00000000d5800000,0x00000000d58fd370,0x00000000d5900000)
  to   space 3072K, 0% used [0x00000000d5b00000,0x00000000d5b00000,0x00000000d5e00000)
 ParOldGen       total 582656K, used 582368K [0x0000000080000000, 0x00000000a3900000, 0x00000000d5580000)
  object space 582656K, 99% used [0x0000000080000000,0x00000000a38b82b8,0x00000000a3900000)
 Metaspace       used 76390K, committed 77952K, reserved 1179648K
  class space    used 7869K, committed 8576K, reserved 1048576K
}
Event: 1587.835 GC heap after
{Heap after GC invocations=691 (full 3):
 PSYoungGen      total 3584K, used 513K [0x00000000d5580000, 0x00000000d5c00000, 0x0000000100000000)
  eden space 2560K, 0% used [0x00000000d5580000,0x00000000d5580000,0x00000000d5800000)
  from space 1024K, 50% used [0x00000000d5b00000,0x00000000d5b806e0,0x00000000d5c00000)
  to   space 1536K, 0% used [0x00000000d5900000,0x00000000d5900000,0x00000000d5a80000)
 ParOldGen       total 583168K, used 582795K [0x0000000080000000, 0x00000000a3980000, 0x00000000d5580000)
  object space 583168K, 99% used [0x0000000080000000,0x00000000a3922f48,0x00000000a3980000)
 Metaspace       used 76390K, committed 77952K, reserved 1179648K
  class space    used 7869K, committed 8576K, reserved 1048576K
}
Event: 1587.846 GC heap before
{Heap before GC invocations=692 (full 3):
 PSYoungGen      total 3584K, used 3073K [0x00000000d5580000, 0x00000000d5c00000, 0x0000000100000000)
  eden space 2560K, 100% used [0x00000000d5580000,0x00000000d5800000,0x00000000d5800000)
  from space 1024K, 50% used [0x00000000d5b00000,0x00000000d5b806e0,0x00000000d5c00000)
  to   space 1536K, 0% used [0x00000000d5900000,0x00000000d5900000,0x00000000d5a80000)
 ParOldGen       total 583168K, used 582795K [0x0000000080000000, 0x00000000a3980000, 0x00000000d5580000)
  object space 583168K, 99% used [0x0000000080000000,0x00000000a3922f48,0x00000000a3980000)
 Metaspace       used 76390K, committed 77952K, reserved 1179648K
  class space    used 7869K, committed 8576K, reserved 1048576K
}
Event: 1587.851 GC heap after
{Heap after GC invocations=692 (full 3):
 PSYoungGen      total 4096K, used 1536K [0x00000000d5580000, 0x00000000d5f00000, 0x0000000100000000)
  eden space 2560K, 0% used [0x00000000d5580000,0x00000000d5580000,0x00000000d5800000)
  from space 1536K, 100% used [0x00000000d5900000,0x00000000d5a80000,0x00000000d5a80000)
  to   space 3584K, 0% used [0x00000000d5b80000,0x00000000d5b80000,0x00000000d5f00000)
 ParOldGen       total 584704K, used 584221K [0x0000000080000000, 0x00000000a3b00000, 0x00000000d5580000)
  object space 584704K, 99% used [0x0000000080000000,0x00000000a3a87628,0x00000000a3b00000)
 Metaspace       used 76390K, committed 77952K, reserved 1179648K
  class space    used 7869K, committed 8576K, reserved 1048576K
}
Event: 1587.860 GC heap before
{Heap before GC invocations=693 (full 3):
 PSYoungGen      total 4096K, used 2721K [0x00000000d5580000, 0x00000000d5f00000, 0x0000000100000000)
  eden space 2560K, 46% used [0x00000000d5580000,0x00000000d56a8588,0x00000000d5800000)
  from space 1536K, 100% used [0x00000000d5900000,0x00000000d5a80000,0x00000000d5a80000)
  to   space 3584K, 0% used [0x00000000d5b80000,0x00000000d5b80000,0x00000000d5f00000)
 ParOldGen       total 584704K, used 584221K [0x0000000080000000, 0x00000000a3b00000, 0x00000000d5580000)
  object space 584704K, 99% used [0x0000000080000000,0x00000000a3a87628,0x00000000a3b00000)
 Metaspace       used 76391K, committed 77952K, reserved 1179648K
  class space    used 7869K, committed 8576K, reserved 1048576K
}
Event: 1587.865 GC heap after
{Heap after GC invocations=693 (full 3):
 PSYoungGen      total 3584K, used 806K [0x00000000d5580000, 0x00000000d5c80000, 0x0000000100000000)
  eden space 2560K, 0% used [0x00000000d5580000,0x00000000d5580000,0x00000000d5800000)
  from space 1024K, 78% used [0x00000000d5b80000,0x00000000d5c49920,0x00000000d5c80000)
  to   space 2048K, 0% used [0x00000000d5880000,0x00000000d5880000,0x00000000d5a80000)
 ParOldGen       total 586240K, used 585781K [0x0000000080000000, 0x00000000a3c80000, 0x00000000d5580000)
  object space 586240K, 99% used [0x0000000080000000,0x00000000a3c0d628,0x00000000a3c80000)
 Metaspace       used 76391K, committed 77952K, reserved 1179648K
  class space    used 7869K, committed 8576K, reserved 1048576K
}
Event: 1587.865 GC heap before
{Heap before GC invocations=694 (full 4):
 PSYoungGen      total 3584K, used 806K [0x00000000d5580000, 0x00000000d5c80000, 0x0000000100000000)
  eden space 2560K, 0% used [0x00000000d5580000,0x00000000d5580000,0x00000000d5800000)
  from space 1024K, 78% used [0x00000000d5b80000,0x00000000d5c49920,0x00000000d5c80000)
  to   space 2048K, 0% used [0x00000000d5880000,0x00000000d5880000,0x00000000d5a80000)
 ParOldGen       total 586240K, used 585781K [0x0000000080000000, 0x00000000a3c80000, 0x00000000d5580000)
  object space 586240K, 99% used [0x0000000080000000,0x00000000a3c0d628,0x00000000a3c80000)
 Metaspace       used 76391K, committed 77952K, reserved 1179648K
  class space    used 7869K, committed 8576K, reserved 1048576K
}
Event: 1591.914 GC heap after
{Heap after GC invocations=694 (full 4):
 PSYoungGen      total 3584K, used 0K [0x00000000d5580000, 0x00000000d5c80000, 0x0000000100000000)
  eden space 2560K, 0% used [0x00000000d5580000,0x00000000d5580000,0x00000000d5800000)
  from space 1024K, 0% used [0x00000000d5b80000,0x00000000d5b80000,0x00000000d5c80000)
  to   space 2048K, 0% used [0x00000000d5880000,0x00000000d5880000,0x00000000d5a80000)
 ParOldGen       total 586240K, used 226954K [0x0000000080000000, 0x00000000a3c80000, 0x00000000d5580000)
  object space 586240K, 38% used [0x0000000080000000,0x000000008dda2af8,0x00000000a3c80000)
 Metaspace       used 76382K, committed 77952K, reserved 1179648K
  class space    used 7866K, committed 8576K, reserved 1048576K
}
Event: 1592.424 GC heap before
{Heap before GC invocations=695 (full 4):
 PSYoungGen      total 3584K, used 2560K [0x00000000d5580000, 0x00000000d5c80000, 0x0000000100000000)
  eden space 2560K, 100% used [0x00000000d5580000,0x00000000d5800000,0x00000000d5800000)
  from space 1024K, 0% used [0x00000000d5b80000,0x00000000d5b80000,0x00000000d5c80000)
  to   space 2048K, 0% used [0x00000000d5880000,0x00000000d5880000,0x00000000d5a80000)
 ParOldGen       total 586240K, used 226954K [0x0000000080000000, 0x00000000a3c80000, 0x00000000d5580000)
  object space 586240K, 38% used [0x0000000080000000,0x000000008dda2af8,0x00000000a3c80000)
 Metaspace       used 76388K, committed 78016K, reserved 1179648K
  class space    used 7866K, committed 8576K, reserved 1048576K
}
Event: 1592.427 GC heap after
{Heap after GC invocations=695 (full 4):
 PSYoungGen      total 4608K, used 576K [0x00000000d5580000, 0x00000000d5c00000, 0x0000000100000000)
  eden space 2560K, 0% used [0x00000000d5580000,0x00000000d5580000,0x00000000d5800000)
  from space 2048K, 28% used [0x00000000d5880000,0x00000000d5910000,0x00000000d5a80000)
  to   space 1024K, 0% used [0x00000000d5b00000,0x00000000d5b00000,0x00000000d5c00000)
 ParOldGen       total 586240K, used 226954K [0x0000000080000000, 0x00000000a3c80000, 0x00000000d5580000)
  object space 586240K, 38% used [0x0000000080000000,0x000000008dda2af8,0x00000000a3c80000)
 Metaspace       used 76388K, committed 78016K, reserved 1179648K
  class space    used 7866K, committed 8576K, reserved 1048576K
}
Event: 1592.496 GC heap before
{Heap before GC invocations=696 (full 4):
 PSYoungGen      total 4608K, used 3135K [0x00000000d5580000, 0x00000000d5c00000, 0x0000000100000000)
  eden space 2560K, 99% used [0x00000000d5580000,0x00000000d57fffe8,0x00000000d5800000)
  from space 2048K, 28% used [0x00000000d5880000,0x00000000d5910000,0x00000000d5a80000)
  to   space 1024K, 0% used [0x00000000d5b00000,0x00000000d5b00000,0x00000000d5c00000)
 ParOldGen       total 586240K, used 226954K [0x0000000080000000, 0x00000000a3c80000, 0x00000000d5580000)
  object space 586240K, 38% used [0x0000000080000000,0x000000008dda2af8,0x00000000a3c80000)
 Metaspace       used 76411K, committed 78016K, reserved 1179648K
  class space    used 7866K, committed 8576K, reserved 1048576K
}
Event: 1592.504 GC heap after
{Heap after GC invocations=696 (full 4):
 PSYoungGen      total 3584K, used 992K [0x00000000d5580000, 0x00000000d5d00000, 0x0000000100000000)
  eden space 2560K, 0% used [0x00000000d5580000,0x00000000d5580000,0x00000000d5800000)
  from space 1024K, 96% used [0x00000000d5b00000,0x00000000d5bf8370,0x00000000d5c00000)
  to   space 2560K, 0% used [0x00000000d5800000,0x00000000d5800000,0x00000000d5a80000)
 ParOldGen       total 586240K, used 227822K [0x0000000080000000, 0x00000000a3c80000, 0x00000000d5580000)
  object space 586240K, 38% used [0x0000000080000000,0x000000008de7bbb8,0x00000000a3c80000)
 Metaspace       used 76411K, committed 78016K, reserved 1179648K
  class space    used 7866K, committed 8576K, reserved 1048576K
}
Event: 1592.547 GC heap before
{Heap before GC invocations=697 (full 4):
 PSYoungGen      total 3584K, used 3552K [0x00000000d5580000, 0x00000000d5d00000, 0x0000000100000000)
  eden space 2560K, 100% used [0x00000000d5580000,0x00000000d5800000,0x00000000d5800000)
  from space 1024K, 96% used [0x00000000d5b00000,0x00000000d5bf8370,0x00000000d5c00000)
  to   space 2560K, 0% used [0x00000000d5800000,0x00000000d5800000,0x00000000d5a80000)
 ParOldGen       total 586240K, used 227822K [0x0000000080000000, 0x00000000a3c80000, 0x00000000d5580000)
  object space 586240K, 38% used [0x0000000080000000,0x000000008de7bbb8,0x00000000a3c80000)
 Metaspace       used 76411K, committed 78016K, reserved 1179648K
  class space    used 7866K, committed 8576K, reserved 1048576K
}
Event: 1592.555 GC heap after
{Heap after GC invocations=697 (full 4):
 PSYoungGen      total 5120K, used 2304K [0x00000000d5580000, 0x00000000d5d00000, 0x0000000100000000)
  eden space 2560K, 0% used [0x00000000d5580000,0x00000000d5580000,0x00000000d5800000)
  from space 2560K, 90% used [0x00000000d5800000,0x00000000d5a40000,0x00000000d5a80000)
  to   space 2560K, 0% used [0x00000000d5a80000,0x00000000d5a80000,0x00000000d5d00000)
 ParOldGen       total 586240K, used 228823K [0x0000000080000000, 0x00000000a3c80000, 0x00000000d5580000)
  object space 586240K, 39% used [0x0000000080000000,0x000000008df75f28,0x00000000a3c80000)
 Metaspace       used 76411K, committed 78016K, reserved 1179648K
  class space    used 7866K, committed 8576K, reserved 1048576K
}
Event: 1592.607 GC heap before
{Heap before GC invocations=698 (full 4):
 PSYoungGen      total 5120K, used 4864K [0x00000000d5580000, 0x00000000d5d00000, 0x0000000100000000)
  eden space 2560K, 100% used [0x00000000d5580000,0x00000000d5800000,0x00000000d5800000)
  from space 2560K, 90% used [0x00000000d5800000,0x00000000d5a40000,0x00000000d5a80000)
  to   space 2560K, 0% used [0x00000000d5a80000,0x00000000d5a80000,0x00000000d5d00000)
 ParOldGen       total 586240K, used 228823K [0x0000000080000000, 0x00000000a3c80000, 0x00000000d5580000)
  object space 586240K, 39% used [0x0000000080000000,0x000000008df75f28,0x00000000a3c80000)
 Metaspace       used 76411K, committed 78016K, reserved 1179648K
  class space    used 7866K, committed 8576K, reserved 1048576K
}
Event: 1592.615 GC heap after
{Heap after GC invocations=698 (full 4):
 PSYoungGen      total 5120K, used 2369K [0x00000000d5580000, 0x00000000d5d00000, 0x0000000100000000)
  eden space 2560K, 0% used [0x00000000d5580000,0x00000000d5580000,0x00000000d5800000)
  from space 2560K, 92% used [0x00000000d5a80000,0x00000000d5cd06e0,0x00000000d5d00000)
  to   space 2560K, 0% used [0x00000000d5800000,0x00000000d5800000,0x00000000d5a80000)
 ParOldGen       total 586240K, used 231071K [0x0000000080000000, 0x00000000a3c80000, 0x00000000d5580000)
  object space 586240K, 39% used [0x0000000080000000,0x000000008e1a7f28,0x00000000a3c80000)
 Metaspace       used 76411K, committed 78016K, reserved 1179648K
  class space    used 7866K, committed 8576K, reserved 1048576K
}

